<?xml version="1.0" encoding="UTF-8"?>
<!-- Generated by org.testng.reporters.JUnitReportReporter -->
<testsuite hostname="DESKTOP-EJ4P3J4" name="p5.dataProviderDemo" tests="1" failures="0" timestamp="1 Jun 2016 09:30:42 GMT" time="0.007" errors="0">
  <testcase name="f" time="0.007" classname="p5.dataProviderDemo"/>
</testsuite> <!-- p5.dataProviderDemo -->
